<?xml version="1.0" encoding="UTF-8"?>
<testng-results skipped="0" failed="0" ignored="0" total="1" passed="1">
  <reporter-output>
  </reporter-output>
  <suite name="Default suite" duration-ms="38555" started-at="2021-07-31T11:53:43Z" finished-at="2021-07-31T11:54:22Z">
    <groups>
    </groups>
    <test name="Default test" duration-ms="38555" started-at="2021-07-31T11:53:43Z" finished-at="2021-07-31T11:54:22Z">
      <class name="com.shoppingcart.qa.testcases.ItemPageTest">
        <test-method status="PASS" signature="setup()[pri:0, instance:com.shoppingcart.qa.testcases.ItemPageTest@724af044]" name="setup" is-config="true" duration-ms="19102" started-at="2021-07-31T21:53:43Z" finished-at="2021-07-31T21:54:03Z">
          <reporter-output>
          </reporter-output>
        </test-method> <!-- setup -->
        <test-method status="PASS" signature="mouseaction()[pri:0, instance:com.shoppingcart.qa.testcases.ItemPageTest@724af044]" name="mouseaction" duration-ms="18759" started-at="2021-07-31T21:54:03Z" finished-at="2021-07-31T21:54:21Z">
          <reporter-output>
          </reporter-output>
        </test-method> <!-- mouseaction -->
        <test-method status="PASS" signature="closeBrowser()[pri:0, instance:com.shoppingcart.qa.testcases.ItemPageTest@724af044]" name="closeBrowser" is-config="true" duration-ms="667" started-at="2021-07-31T21:54:21Z" finished-at="2021-07-31T21:54:22Z">
          <reporter-output>
          </reporter-output>
        </test-method> <!-- closeBrowser -->
      </class> <!-- com.shoppingcart.qa.testcases.ItemPageTest -->
    </test> <!-- Default test -->
  </suite> <!-- Default suite -->
</testng-results>
